<?xml version="1.0" encoding="UTF-8"?>
<!-- Generated by org.testng.reporters.JUnitXMLReporter -->
<testsuite hostname="BT-INDIA-COM25" ignored="3" name="Default test" tests="1" failures="0" timestamp="05 Oct 2018 10:09:07 GMT" time="0.73" errors="0">
  <testcase name="ConsumerLogoTest" time="0.05" classname="com.jio.Testcases.ConsumerLoginPageTest"/>
  <testcase name="@BeforeSuite ReportSetup" time="0.0" classname="com.Jio.BaseClass.ConsumerBaseClass">
    <ignored/>
  </testcase> <!-- @BeforeSuite ReportSetup -->
  <testcase name="@AfterSuite endReport" time="0.0" classname="com.Jio.BaseClass.ConsumerBaseClass">
    <ignored/>
  </testcase> <!-- @AfterSuite endReport -->
  <testcase name="@AfterTest Exit" time="0.0" classname="com.Jio.BaseClass.ConsumerBaseClass">
    <ignored/>
  </testcase> <!-- @AfterTest Exit -->
</testsuite> <!-- Default test -->
