<?xml version="1.0" encoding="UTF-8"?>
<!-- Generated by org.testng.reporters.JUnitXMLReporter -->
<testsuite hostname="BT-INDIA-COM25" ignored="0" name="Default test" tests="3" failures="0" timestamp="03 Oct 2018 10:26:17 GMT" time="1.082" errors="0">
  <testcase name="ConsumerLogoTest" time="0.059" classname="com.jio.Testcases.ConsumerLoginPageTest"/>
  <testcase name="ConsumerPortalTittle" time="0.018" classname="com.jio.Testcases.ConsumerLoginPageTest"/>
  <testcase name="ConsumerLoginPortalTest" time="0.29" classname="com.jio.Testcases.ConsumerLoginPageTest"/>
</testsuite> <!-- Default test -->
