<?xml version="1.0" encoding="UTF-8"?>
<!-- Generated by org.testng.reporters.JUnitXMLReporter -->
<testsuite hostname="BT-INDIA-COM25" ignored="0" name="Default test" tests="2" failures="0" timestamp="30 Nov 2018 10:45:16 GMT" time="21.26" errors="0">
  <testcase name="chromeheadless" time="11.289" classname="automation.practice.firebox_headlessBrowser"/>
  <testcase name="ffheadless" time="9.944" classname="automation.practice.firebox_headlessBrowser"/>
</testsuite> <!-- Default test -->
