<?xml version="1.0" encoding="UTF-8"?>
<testng-results skipped="0" failed="0" ignored="0" total="1" passed="1">
  <reporter-output>
  </reporter-output>
  <suite name="Default suite" duration-ms="7321" started-at="2018-10-01T09:42:53Z" finished-at="2018-10-01T09:43:01Z">
    <groups>
    </groups>
    <test name="Default test" duration-ms="7321" started-at="2018-10-01T09:42:53Z" finished-at="2018-10-01T09:43:01Z">
      <class name="Login.BaseTest">
        <test-method status="PASS" signature="openBrowser()[pri:0, instance:Login.BaseTest@204f30ec]" name="openBrowser" is-config="true" duration-ms="4354" started-at="2018-10-01T09:42:53Z" finished-at="2018-10-01T09:42:58Z">
          <reporter-output>
          </reporter-output>
        </test-method> <!-- openBrowser -->
        <test-method status="PASS" signature="login()[pri:0, instance:Login.BaseTest@204f30ec]" name="login" duration-ms="2287" started-at="2018-10-01T09:42:58Z" finished-at="2018-10-01T09:43:00Z">
          <reporter-output>
          </reporter-output>
        </test-method> <!-- login -->
        <test-method status="PASS" signature="closeBrowser()[pri:0, instance:Login.BaseTest@204f30ec]" name="closeBrowser" is-config="true" duration-ms="661" started-at="2018-10-01T09:43:00Z" finished-at="2018-10-01T09:43:01Z">
          <reporter-output>
          </reporter-output>
        </test-method> <!-- closeBrowser -->
      </class> <!-- Login.BaseTest -->
    </test> <!-- Default test -->
  </suite> <!-- Default suite -->
</testng-results>
