<?xml version="1.0" encoding="UTF-8"?>
<!-- Generated by org.testng.reporters.JUnitXMLReporter -->
<testsuite hostname="BT-INDIA-COM25" ignored="3" name="Test" tests="8" failures="0" timestamp="05 Oct 2018 10:10:34 GMT" time="6.323" errors="0">
  <testcase name="ConsumerLogoTest" time="0.052" classname="com.jio.Testcases.ConsumerLoginPageTest"/>
  <testcase name="ConsumerPortalTittle" time="0.017" classname="com.jio.Testcases.ConsumerLoginPageTest"/>
  <testcase name="ConsumerLoginPortalTest" time="0.282" classname="com.jio.Testcases.ConsumerLoginPageTest"/>
  <testcase name="DashBoardPageTittleValidation" time="5.032" classname="com.jio.Testcases.DashBoardTest"/>
  <testcase name="SecondDashBoardPageTittleValidation" time="0.062" classname="com.jio.Testcases.DashBoardTest"/>
  <testcase name="AccountBalanceTextValidation" time="0.043" classname="com.jio.Testcases.DashBoardTest"/>
  <testcase name="Last5TranscationTextValidation" time="0.039" classname="com.jio.Testcases.DashBoardTest"/>
  <testcase name="MoveToTranscationHistoryPage" time="0.08" classname="com.jio.Testcases.DashBoardTest"/>
  <testcase name="@BeforeSuite ReportSetup" time="0.0" classname="com.Jio.BaseClass.ConsumerBaseClass">
    <ignored/>
  </testcase> <!-- @BeforeSuite ReportSetup -->
  <testcase name="@AfterSuite endReport" time="0.0" classname="com.Jio.BaseClass.ConsumerBaseClass">
    <ignored/>
  </testcase> <!-- @AfterSuite endReport -->
  <testcase name="@AfterTest Exit" time="0.0" classname="com.Jio.BaseClass.ConsumerBaseClass">
    <ignored/>
  </testcase> <!-- @AfterTest Exit -->
</testsuite> <!-- Test -->
