<?xml version="1.0" encoding="UTF-8"?>
<testng-results skipped="0" failed="0" ignored="0" total="2" passed="2">
  <reporter-output>
  </reporter-output>
  <suite name="Default suite" duration-ms="21260" started-at="2018-11-30T10:44:54Z" finished-at="2018-11-30T10:45:16Z">
    <groups>
    </groups>
    <test name="Default test" duration-ms="21260" started-at="2018-11-30T10:44:54Z" finished-at="2018-11-30T10:45:16Z">
      <class name="automation.practice.firebox_headlessBrowser">
        <test-method status="PASS" signature="chromeheadless()[pri:0, instance:automation.practice.firebox_headlessBrowser@42e26948]" name="chromeheadless" duration-ms="11289" started-at="2018-11-30T10:44:54Z" finished-at="2018-11-30T10:45:06Z">
          <reporter-output>
          </reporter-output>
        </test-method> <!-- chromeheadless -->
        <test-method status="PASS" signature="ffheadless()[pri:0, instance:automation.practice.firebox_headlessBrowser@42e26948]" name="ffheadless" duration-ms="9944" started-at="2018-11-30T10:45:06Z" finished-at="2018-11-30T10:45:16Z">
          <reporter-output>
          </reporter-output>
        </test-method> <!-- ffheadless -->
      </class> <!-- automation.practice.firebox_headlessBrowser -->
    </test> <!-- Default test -->
  </suite> <!-- Default suite -->
</testng-results>
